<?xml version="1.0" encoding="utf-8"?><testsuites name="pytest tests"><testsuite name="pytest" errors="0" failures="0" skipped="0" tests="20" time="5.489" timestamp="2026-05-11T11:52:04.639054+00:00" hostname="agent-env-fc04a6f7-e861-439c-9678-f21725297552"><testcase classname="backend.tests.backend_test.TestAuth" name="test_health" time="0.261" /><testcase classname="backend.tests.backend_test.TestAuth" name="test_login_admin_sets_cookies" time="0.394" /><testcase classname="backend.tests.backend_test.TestAuth" name="test_login_invalid_credentials" time="0.330" /><testcase classname="backend.tests.backend_test.TestAuth" name="test_me_with_cookies" time="0.377" /><testcase classname="backend.tests.backend_test.TestAuth" name="test_me_without_cookies" time="0.099" /><testcase classname="backend.tests.backend_test.TestAuth" name="test_register_new_user_and_duplicate" time="0.431" /><testcase classname="backend.tests.backend_test.TestAuth" name="test_logout" time="0.543" /><testcase classname="backend.tests.backend_test.TestAuth" name="test_demo_logins" time="1.035" /><testcase classname="backend.tests.backend_test.TestRBAC" name="test_student_cannot_create_student" time="0.512" /><testcase classname="backend.tests.backend_test.TestStudents" name="test_create_student" time="0.047" /><testcase classname="backend.tests.backend_test.TestStudents" name="test_list_and_get_student" time="0.095" /><testcase classname="backend.tests.backend_test.TestStudents" name="test_update_student" time="0.053" /><testcase classname="backend.tests.backend_test.TestStudents" name="test_delete_student" time="0.092" /><testcase classname="backend.tests.backend_test.TestFaculty" name="test_create_faculty" time="0.053" /><testcase classname="backend.tests.backend_test.TestFaculty" name="test_list_update_delete_faculty" time="0.153" /><testcase classname="backend.tests.backend_test.TestCourses" name="test_seeded_courses" time="0.048" /><testcase classname="backend.tests.backend_test.TestCourses" name="test_create_course" time="0.262" /><testcase classname="backend.tests.backend_test.TestFees" name="test_create_and_pay_fee" time="0.318" /><testcase classname="backend.tests.backend_test.TestAttendance" name="test_attendance_upsert" time="0.242" /><testcase classname="backend.tests.backend_test.TestDashboard" name="test_dashboard_stats" time="0.055" /></testsuite></testsuites>